<?xml version="1.0" encoding="UTF-8" ?>
<testsuite tests="36" failures="0" name="org.jsonschema2pojo.rules.TypeRuleTest" time="0.091" errors="0" skipped="0">
  <properties>
[...]
</properties>
  <testcase classname="org.jsonschema2pojo.rules.TypeRuleTest" name="applyGeneratesNullAsObject" time="0"/>
  <testcase classname="org.jsonschema2pojo.rules.TypeRuleTest" name="applyGeneratesIntegerUsingJavaTypeInteger" time="0.035"/>
  <testcase classname="org.jsonschema2pojo.rules.TypeRuleTest" name="applyGeneratesIntegerUsingJavaTypeBigInteger" time="0.001"/>
  <testcase classname="org.jsonschema2pojo.rules.TypeRuleTest" name="applyGeneratesBigDecimalOverridingDouble" time="0"/>
  <testcase classname="org.jsonschema2pojo.rules.TypeRuleTest" name="applyGeneratesNumberUsingJavaTypeDoublePrimitive" time="0"/>
  <testcase classname="org.jsonschema2pojo.rules.TypeRuleTest" name="applyGeneratesIntegerUsingJavaTypeLongPrimitiveWhenMaximumGreaterThanIntegerMax" time="0.001"/>
  <testcase classname="org.jsonschema2pojo.rules.TypeRuleTest" name="applyGeneratesBigIntegerOverridingLong" time="0.001"/>
  <testcase classname="org.jsonschema2pojo.rules.TypeRuleTest" name="applyGeneratesDate" time="0.009"/>
  <testcase classname="org.jsonschema2pojo.rules.TypeRuleTest" name="applyGeneratesIntegerUsingJavaTypeLongWhenMaximumGreaterThanIntegerMax" time="0.001"/>
  <testcase classname="org.jsonschema2pojo.rules.TypeRuleTest" name="applyGeneratesIntegerUsingJavaTypeLongPrimitiveWhenMinimumLessThanIntegerMin" time="0.001"/>
  <testcase classname="org.jsonschema2pojo.rules.TypeRuleTest" name="applyGeneratesBigDecimal" time="0.002"/>
  <testcase classname="org.jsonschema2pojo.rules.TypeRuleTest" name="applyGeneratesIntegerUsingJavaTypeLongPrimitiveWhenMaximumLessThanIntegerMin" time="0"/>
  <testcase classname="org.jsonschema2pojo.rules.TypeRuleTest" name="applyGeneratesInteger" time="0.001"/>
  <testcase classname="org.jsonschema2pojo.rules.TypeRuleTest" name="applyGeneratesBigInteger" time="0"/>
  <testcase classname="org.jsonschema2pojo.rules.TypeRuleTest" name="applyGeneratesCustomObject" time="0.005"/>
  <testcase classname="org.jsonschema2pojo.rules.TypeRuleTest" name="applyGeneratesNumberUsingJavaTypeDouble" time="0.002"/>
  <testcase classname="org.jsonschema2pojo.rules.TypeRuleTest" name="applyGeneratesIntegerUsingJavaTypeLongPrimitive" time="0.001"/>
  <testcase classname="org.jsonschema2pojo.rules.TypeRuleTest" name="applyGeneratesIntegerUsingJavaTypeLong" time="0.001"/>
  <testcase classname="org.jsonschema2pojo.rules.TypeRuleTest" name="applyDefaultsToTypeAnyObject" time="0"/>
  <testcase classname="org.jsonschema2pojo.rules.TypeRuleTest" name="applyGeneratesAnyAsObject" time="0"/>
  <testcase classname="org.jsonschema2pojo.rules.TypeRuleTest" name="applyGeneratesNumberUsingJavaTypeFloat" time="0.001"/>
  <testcase classname="org.jsonschema2pojo.rules.TypeRuleTest" name="applyGeneratesNumberUsingJavaTypeFloatPrimitive" time="0.001"/>
  <testcase classname="org.jsonschema2pojo.rules.TypeRuleTest" name="applyGeneratesNumberUsingJavaTypeBigDecimal" time="0.001"/>
  <testcase classname="org.jsonschema2pojo.rules.TypeRuleTest" name="applyGeneratesIntegerPrimitive" time="0.004"/>
  <testcase classname="org.jsonschema2pojo.rules.TypeRuleTest" name="applyGeneratesIntegerUsingJavaTypeIntegerPrimitive" time="0"/>
  <testcase classname="org.jsonschema2pojo.rules.TypeRuleTest" name="applyGeneratesNumberPrimitive" time="0.001"/>
  <testcase classname="org.jsonschema2pojo.rules.TypeRuleTest" name="applyGeneratesBooleanPrimitive" time="0"/>
  <testcase classname="org.jsonschema2pojo.rules.TypeRuleTest" name="applyGeneratesNumber" time="0.001"/>
  <testcase classname="org.jsonschema2pojo.rules.TypeRuleTest" name="applyGeneratesIntegerUsingJavaTypeLongPrimitiveWhenMinimumGreaterThanIntegerMax" time="0.001"/>
  <testcase classname="org.jsonschema2pojo.rules.TypeRuleTest" name="applyGeneratesString" time="0.001"/>
  <testcase classname="org.jsonschema2pojo.rules.TypeRuleTest" name="applyGeneratesArray" time="0.014"/>
  <testcase classname="org.jsonschema2pojo.rules.TypeRuleTest" name="applyGeneratesIntegerUsingJavaTypeLongWhenMinimumLessThanIntegerMin" time="0.001"/>
  <testcase classname="org.jsonschema2pojo.rules.TypeRuleTest" name="applyChoosesObjectOnUnrecognizedType" time="0"/>
  <testcase classname="org.jsonschema2pojo.rules.TypeRuleTest" name="applyGeneratesIntegerUsingJavaTypeLongWhenMaximumLessThanIntegerMin" time="0.001"/>
  <testcase classname="org.jsonschema2pojo.rules.TypeRuleTest" name="applyGeneratesBoolean" time="0.001"/>
  <testcase classname="org.jsonschema2pojo.rules.TypeRuleTest" name="applyGeneratesIntegerUsingJavaTypeLongWhenMinimumGreaterThanIntegerMax" time="0.002"/>
</testsuite>